# JRE version: Java(TM) SE Runtime Environment (7.0_45-b18) (build 1.7.0_45-b18)
# Java VM: Java HotSpot(TM) Client VM (24.45-b08 mixed mode, sharing windows-x86 )
Heap
 def new generation   total 4928K, used 3697K [0x23f70000, 0x244c0000, 0x294c0000)
  eden space 4416K,  83% used [0x23f70000, 0x2430c028, 0x243c0000)
  from space 512K,   0% used [0x243c0000, 0x243c06c8, 0x24440000)
  to   space 512K,   0% used [0x24440000, 0x24440000, 0x244c0000)
 tenured generation   total 10944K, used 1048K [0x294c0000, 0x29f70000, 0x33f70000)
   the space 10944K,   9% used [0x294c0000, 0x295c62b8, 0x295c6400, 0x29f70000)
 compacting perm gen  total 12288K, used 802K [0x33f70000, 0x34b70000, 0x37f70000)
   the space 12288K,   6% used [0x33f70000, 0x34038808, 0x34038a00, 0x34b70000)
    ro space 10240K,  44% used [0x37f70000, 0x383e7808, 0x383e7a00, 0x38970000)
    rw space 12288K,  52% used [0x38970000, 0x38fbe610, 0x38fbe800, 0x39570000)
GC Heap History (10 events):
Event: 193.524 GC heap before
{Heap before GC invocations=1741 (full 0):
 def new generation   total 4928K, used 4417K [0x23f70000, 0x244c0000, 0x294c0000)
  eden space 4416K, 100% used [0x23f70000, 0x243c0000, 0x243c0000)
  from space 512K,   0% used [0x24440000, 0x244407a0, 0x244c0000)
  to   space 512K,   0% used [0x243c0000, 0x243c0000, 0x24440000)
 tenured generation   total 10944K, used 1048K [0x294c0000, 0x29f70000, 0x33f70000)
   the space 10944K,   9% used [0x294c0000, 0x295c60c0, 0x295c6200, 0x29f70000)
 compacting perm gen  total 12288K, used 802K [0x33f70000, 0x34b70000, 0x37f70000)
   the space 12288K,   6% used [0x33f70000, 0x34038808, 0x34038a00, 0x34b70000)
    ro space 10240K,  44% used [0x37f70000, 0x383e7808, 0x383e7a00, 0x38970000)
    rw space 12288K,  52% used [0x38970000, 0x38fbe610, 0x38fbe800, 0x39570000)
Event: 193.525 GC heap after
Heap after GC invocations=1742 (full 0):
 def new generation   total 4928K, used 2K [0x23f70000, 0x244c0000, 0x294c0000)
  eden space 4416K,   0% used [0x23f70000, 0x23f70000, 0x243c0000)
  from space 512K,   0% used [0x243c0000, 0x243c0990, 0x24440000)
  to   space 512K,   0% used [0x24440000, 0x24440000, 0x244c0000)
 tenured generation   total 10944K, used 1048K [0x294c0000, 0x29f70000, 0x33f70000)
   the space 10944K,   9% used [0x294c0000, 0x295c60c0, 0x295c6200, 0x29f70000)
 compacting perm gen  total 12288K, used 802K [0x33f70000, 0x34b70000, 0x37f70000)
   the space 12288K,   6% used [0x33f70000, 0x34038808, 0x34038a00, 0x34b70000)
    ro space 10240K,  44% used [0x37f70000, 0x383e7808, 0x383e7a00, 0x38970000)
    rw space 12288K,  52% used [0x38970000, 0x38fbe610, 0x38fbe800, 0x39570000)
}
Event: 193.573 GC heap before
{Heap before GC invocations=1742 (full 0):
 def new generation   total 4928K, used 4418K [0x23f70000, 0x244c0000, 0x294c0000)
  eden space 4416K, 100% used [0x23f70000, 0x243c0000, 0x243c0000)
  from space 512K,   0% used [0x243c0000, 0x243c0990, 0x24440000)
  to   space 512K,   0% used [0x24440000, 0x24440000, 0x244c0000)
 tenured generation   total 10944K, used 1048K [0x294c0000, 0x29f70000, 0x33f70000)
   the space 10944K,   9% used [0x294c0000, 0x295c60c0, 0x295c6200, 0x29f70000)
 compacting perm gen  total 12288K, used 802K [0x33f70000, 0x34b70000, 0x37f70000)
   the space 12288K,   6% used [0x33f70000, 0x34038808, 0x34038a00, 0x34b70000)
    ro space 10240K,  44% used [0x37f70000, 0x383e7808, 0x383e7a00, 0x38970000)
    rw space 12288K,  52% used [0x38970000, 0x38fbe610, 0x38fbe800, 0x39570000)
Event: 193.573 GC heap after
Heap after GC invocations=1743 (full 0):
 def new generation   total 4928K, used 2K [0x23f70000, 0x244c0000, 0x294c0000)
  eden space 4416K,   0% used [0x23f70000, 0x23f70000, 0x243c0000)
  from space 512K,   0% used [0x24440000, 0x24440808, 0x244c0000)
  to   space 512K,   0% used [0x243c0000, 0x243c0000, 0x24440000)
 tenured generation   total 10944K, used 1048K [0x294c0000, 0x29f70000, 0x33f70000)
   the space 10944K,   9% used [0x294c0000, 0x295c60c0, 0x295c6200, 0x29f70000)
 compacting perm gen  total 12288K, used 802K [0x33f70000, 0x34b70000, 0x37f70000)
   the space 12288K,   6% used [0x33f70000, 0x34038808, 0x34038a00, 0x34b70000)
    ro space 10240K,  44% used [0x37f70000, 0x383e7808, 0x383e7a00, 0x38970000)
    rw space 12288K,  52% used [0x38970000, 0x38fbe610, 0x38fbe800, 0x39570000)
}
Event: 193.621 GC heap before
{Heap before GC invocations=1743 (full 0):
 def new generation   total 4928K, used 4418K [0x23f70000, 0x244c0000, 0x294c0000)
  eden space 4416K, 100% used [0x23f70000, 0x243c0000, 0x243c0000)
  from space 512K,   0% used [0x24440000, 0x24440808, 0x244c0000)
  to   space 512K,   0% used [0x243c0000, 0x243c0000, 0x24440000)
 tenured generation   total 10944K, used 1048K [0x294c0000, 0x29f70000, 0x33f70000)
   the space 10944K,   9% used [0x294c0000, 0x295c60c0, 0x295c6200, 0x29f70000)
 compacting perm gen  total 12288K, used 802K [0x33f70000, 0x34b70000, 0x37f70000)
   the space 12288K,   6% used [0x33f70000, 0x34038808, 0x34038a00, 0x34b70000)
    ro space 10240K,  44% used [0x37f70000, 0x383e7808, 0x383e7a00, 0x38970000)
    rw space 12288K,  52% used [0x38970000, 0x38fbe610, 0x38fbe800, 0x39570000)
Event: 193.621 GC heap after
Heap after GC invocations=1744 (full 0):
 def new generation   total 4928K, used 1K [0x23f70000, 0x244c0000, 0x294c0000)
  eden space 4416K,   0% used [0x23f70000, 0x23f70000, 0x243c0000)
  from space 512K,   0% used [0x243c0000, 0x243c06f0, 0x24440000)
  to   space 512K,   0% used [0x24440000, 0x24440000, 0x244c0000)
 tenured generation   total 10944K, used 1048K [0x294c0000, 0x29f70000, 0x33f70000)
   the space 10944K,   9% used [0x294c0000, 0x295c6280, 0x295c6400, 0x29f70000)
 compacting perm gen  total 12288K, used 802K [0x33f70000, 0x34b70000, 0x37f70000)
   the space 12288K,   6% used [0x33f70000, 0x34038808, 0x34038a00, 0x34b70000)
    ro space 10240K,  44% used [0x37f70000, 0x383e7808, 0x383e7a00, 0x38970000)
    rw space 12288K,  52% used [0x38970000, 0x38fbe610, 0x38fbe800, 0x39570000)
}
Event: 193.669 GC heap before
{Heap before GC invocations=1744 (full 0):
 def new generation   total 4928K, used 4417K [0x23f70000, 0x244c0000, 0x294c0000)
  eden space 4416K, 100% used [0x23f70000, 0x243c0000, 0x243c0000)
  from space 512K,   0% used [0x243c0000, 0x243c06f0, 0x24440000)
  to   space 512K,   0% used [0x24440000, 0x24440000, 0x244c0000)
 tenured generation   total 10944K, used 1048K [0x294c0000, 0x29f70000, 0x33f70000)
   the space 10944K,   9% used [0x294c0000, 0x295c6280, 0x295c6400, 0x29f70000)
 compacting perm gen  total 12288K, used 802K [0x33f70000, 0x34b70000, 0x37f70000)
   the space 12288K,   6% used [0x33f70000, 0x34038808, 0x34038a00, 0x34b70000)
    ro space 10240K,  44% used [0x37f70000, 0x383e7808, 0x383e7a00, 0x38970000)
    rw space 12288K,  52% used [0x38970000, 0x38fbe610, 0x38fbe800, 0x39570000)
Event: 193.669 GC heap after
Heap after GC invocations=1745 (full 0):
 def new generation   total 4928K, used 1K [0x23f70000, 0x244c0000, 0x294c0000)
  eden space 4416K,   0% used [0x23f70000, 0x23f70000, 0x243c0000)
  from space 512K,   0% used [0x24440000, 0x24440680, 0x244c0000)
  to   space 512K,   0% used [0x243c0000, 0x243c0000, 0x24440000)
 tenured generation   total 10944K, used 1048K [0x294c0000, 0x29f70000, 0x33f70000)
   the space 10944K,   9% used [0x294c0000, 0x295c62b8, 0x295c6400, 0x29f70000)
 compacting perm gen  total 12288K, used 802K [0x33f70000, 0x34b70000, 0x37f70000)
   the space 12288K,   6% used [0x33f70000, 0x34038808, 0x34038a00, 0x34b70000)
    ro space 10240K,  44% used [0x37f70000, 0x383e7808, 0x383e7a00, 0x38970000)
    rw space 12288K,  52% used [0x38970000, 0x38fbe610, 0x38fbe800, 0x39570000)
}
Event: 193.718 GC heap before
{Heap before GC invocations=1745 (full 0):
 def new generation   total 4928K, used 4417K [0x23f70000, 0x244c0000, 0x294c0000)
  eden space 4416K, 100% used [0x23f70000, 0x243c0000, 0x243c0000)
  from space 512K,   0% used [0x24440000, 0x24440680, 0x244c0000)
  to   space 512K,   0% used [0x243c0000, 0x243c0000, 0x24440000)
 tenured generation   total 10944K, used 1048K [0x294c0000, 0x29f70000, 0x33f70000)
   the space 10944K,   9% used [0x294c0000, 0x295c62b8, 0x295c6400, 0x29f70000)
 compacting perm gen  total 12288K, used 802K [0x33f70000, 0x34b70000, 0x37f70000)
   the space 12288K,   6% used [0x33f70000, 0x34038808, 0x34038a00, 0x34b70000)
    ro space 10240K,  44% used [0x37f70000, 0x383e7808, 0x383e7a00, 0x38970000)
    rw space 12288K,  52% used [0x38970000, 0x38fbe610, 0x38fbe800, 0x39570000)
Event: 193.718 GC heap after
Heap after GC invocations=1746 (full 0):
 def new generation   total 4928K, used 1K [0x23f70000, 0x244c0000, 0x294c0000)
  eden space 4416K,   0% used [0x23f70000, 0x23f70000, 0x243c0000)
  from space 512K,   0% used [0x243c0000, 0x243c06c8, 0x24440000)
  to   space 512K,   0% used [0x24440000, 0x24440000, 0x244c0000)
 tenured generation   total 10944K, used 1048K [0x294c0000, 0x29f70000, 0x33f70000)
   the space 10944K,   9% used [0x294c0000, 0x295c62b8, 0x295c6400, 0x29f70000)
 compacting perm gen  total 12288K, used 802K [0x33f70000, 0x34b70000, 0x37f70000)
   the space 12288K,   6% used [0x33f70000, 0x34038808, 0x34038a00, 0x34b70000)
    ro space 10240K,  44% used [0x37f70000, 0x383e7808, 0x383e7a00, 0x38970000)
    rw space 12288K,  52% used [0x38970000, 0x38fbe610, 0x38fbe800, 0x39570000)
}

