# JRE version: Java(TM) SE Runtime Environment (7.0_45-b18) (build 1.7.0_45-b18)
# Java VM: Java HotSpot(TM) Client VM (24.45-b08 mixed mode, sharing windows-x86 )
Heap
 def new generation   total 4928K, used 3786K [0x23f70000, 0x244c0000, 0x294c0000)
  eden space 4416K,  85% used [0x23f70000, 0x24321da8, 0x243c0000)
  from space 512K,   0% used [0x24440000, 0x24440be0, 0x244c0000)
  to   space 512K,   0% used [0x243c0000, 0x243c0000, 0x24440000)
 tenured generation   total 10944K, used 1433K [0x294c0000, 0x29f70000, 0x33f70000)
   the space 10944K,  13% used [0x294c0000, 0x296267e8, 0x29626800, 0x29f70000)
 compacting perm gen  total 12288K, used 784K [0x33f70000, 0x34b70000, 0x37f70000)
   the space 12288K,   6% used [0x33f70000, 0x34034268, 0x34034400, 0x34b70000)
    ro space 10240K,  44% used [0x37f70000, 0x383e7808, 0x383e7a00, 0x38970000)
    rw space 12288K,  52% used [0x38970000, 0x38fbe610, 0x38fbe800, 0x39570000)
GC Heap History (10 events):
Event: 238.590 GC heap before
{Heap before GC invocations=1802 (full 0):
 def new generation   total 4928K, used 4418K [0x23f70000, 0x244c0000, 0x294c0000)
  eden space 4416K, 100% used [0x23f70000, 0x243c0000, 0x243c0000)
  from space 512K,   0% used [0x243c0000, 0x243c0af8, 0x24440000)
  to   space 512K,   0% used [0x24440000, 0x24440000, 0x244c0000)
 tenured generation   total 10944K, used 1433K [0x294c0000, 0x29f70000, 0x33f70000)
   the space 10944K,  13% used [0x294c0000, 0x296267e8, 0x29626800, 0x29f70000)
 compacting perm gen  total 12288K, used 784K [0x33f70000, 0x34b70000, 0x37f70000)
   the space 12288K,   6% used [0x33f70000, 0x34034268, 0x34034400, 0x34b70000)
    ro space 10240K,  44% used [0x37f70000, 0x383e7808, 0x383e7a00, 0x38970000)
    rw space 12288K,  52% used [0x38970000, 0x38fbe610, 0x38fbe800, 0x39570000)
Event: 238.590 GC heap after
Heap after GC invocations=1803 (full 0):
 def new generation   total 4928K, used 2K [0x23f70000, 0x244c0000, 0x294c0000)
  eden space 4416K,   0% used [0x23f70000, 0x23f70000, 0x243c0000)
  from space 512K,   0% used [0x24440000, 0x24440ae8, 0x244c0000)
  to   space 512K,   0% used [0x243c0000, 0x243c0000, 0x24440000)
 tenured generation   total 10944K, used 1433K [0x294c0000, 0x29f70000, 0x33f70000)
   the space 10944K,  13% used [0x294c0000, 0x296267e8, 0x29626800, 0x29f70000)
 compacting perm gen  total 12288K, used 784K [0x33f70000, 0x34b70000, 0x37f70000)
   the space 12288K,   6% used [0x33f70000, 0x34034268, 0x34034400, 0x34b70000)
    ro space 10240K,  44% used [0x37f70000, 0x383e7808, 0x383e7a00, 0x38970000)
    rw space 12288K,  52% used [0x38970000, 0x38fbe610, 0x38fbe800, 0x39570000)
}
Event: 238.638 GC heap before
{Heap before GC invocations=1803 (full 0):
 def new generation   total 4928K, used 4418K [0x23f70000, 0x244c0000, 0x294c0000)
  eden space 4416K, 100% used [0x23f70000, 0x243c0000, 0x243c0000)
  from space 512K,   0% used [0x24440000, 0x24440ae8, 0x244c0000)
  to   space 512K,   0% used [0x243c0000, 0x243c0000, 0x24440000)
 tenured generation   total 10944K, used 1433K [0x294c0000, 0x29f70000, 0x33f70000)
   the space 10944K,  13% used [0x294c0000, 0x296267e8, 0x29626800, 0x29f70000)
 compacting perm gen  total 12288K, used 784K [0x33f70000, 0x34b70000, 0x37f70000)
   the space 12288K,   6% used [0x33f70000, 0x34034268, 0x34034400, 0x34b70000)
    ro space 10240K,  44% used [0x37f70000, 0x383e7808, 0x383e7a00, 0x38970000)
    rw space 12288K,  52% used [0x38970000, 0x38fbe610, 0x38fbe800, 0x39570000)
Event: 238.638 GC heap after
Heap after GC invocations=1804 (full 0):
 def new generation   total 4928K, used 2K [0x23f70000, 0x244c0000, 0x294c0000)
  eden space 4416K,   0% used [0x23f70000, 0x23f70000, 0x243c0000)
  from space 512K,   0% used [0x243c0000, 0x243c0ac8, 0x24440000)
  to   space 512K,   0% used [0x24440000, 0x24440000, 0x244c0000)
 tenured generation   total 10944K, used 1433K [0x294c0000, 0x29f70000, 0x33f70000)
   the space 10944K,  13% used [0x294c0000, 0x296267e8, 0x29626800, 0x29f70000)
 compacting perm gen  total 12288K, used 784K [0x33f70000, 0x34b70000, 0x37f70000)
   the space 12288K,   6% used [0x33f70000, 0x34034268, 0x34034400, 0x34b70000)
    ro space 10240K,  44% used [0x37f70000, 0x383e7808, 0x383e7a00, 0x38970000)
    rw space 12288K,  52% used [0x38970000, 0x38fbe610, 0x38fbe800, 0x39570000)
}
Event: 238.686 GC heap before
{Heap before GC invocations=1804 (full 0):
 def new generation   total 4928K, used 4418K [0x23f70000, 0x244c0000, 0x294c0000)
  eden space 4416K, 100% used [0x23f70000, 0x243c0000, 0x243c0000)
  from space 512K,   0% used [0x243c0000, 0x243c0ac8, 0x24440000)
  to   space 512K,   0% used [0x24440000, 0x24440000, 0x244c0000)
 tenured generation   total 10944K, used 1433K [0x294c0000, 0x29f70000, 0x33f70000)
   the space 10944K,  13% used [0x294c0000, 0x296267e8, 0x29626800, 0x29f70000)
 compacting perm gen  total 12288K, used 784K [0x33f70000, 0x34b70000, 0x37f70000)
   the space 12288K,   6% used [0x33f70000, 0x34034268, 0x34034400, 0x34b70000)
    ro space 10240K,  44% used [0x37f70000, 0x383e7808, 0x383e7a00, 0x38970000)
    rw space 12288K,  52% used [0x38970000, 0x38fbe610, 0x38fbe800, 0x39570000)
Event: 238.687 GC heap after
Heap after GC invocations=1805 (full 0):
 def new generation   total 4928K, used 2K [0x23f70000, 0x244c0000, 0x294c0000)
  eden space 4416K,   0% used [0x23f70000, 0x23f70000, 0x243c0000)
  from space 512K,   0% used [0x24440000, 0x24440bf8, 0x244c0000)
  to   space 512K,   0% used [0x243c0000, 0x243c0000, 0x24440000)
 tenured generation   total 10944K, used 1433K [0x294c0000, 0x29f70000, 0x33f70000)
   the space 10944K,  13% used [0x294c0000, 0x296267e8, 0x29626800, 0x29f70000)
 compacting perm gen  total 12288K, used 784K [0x33f70000, 0x34b70000, 0x37f70000)
   the space 12288K,   6% used [0x33f70000, 0x34034268, 0x34034400, 0x34b70000)
    ro space 10240K,  44% used [0x37f70000, 0x383e7808, 0x383e7a00, 0x38970000)
    rw space 12288K,  52% used [0x38970000, 0x38fbe610, 0x38fbe800, 0x39570000)
}
Event: 238.734 GC heap before
{Heap before GC invocations=1805 (full 0):
 def new generation   total 4928K, used 4418K [0x23f70000, 0x244c0000, 0x294c0000)
  eden space 4416K, 100% used [0x23f70000, 0x243c0000, 0x243c0000)
  from space 512K,   0% used [0x24440000, 0x24440bf8, 0x244c0000)
  to   space 512K,   0% used [0x243c0000, 0x243c0000, 0x24440000)
 tenured generation   total 10944K, used 1433K [0x294c0000, 0x29f70000, 0x33f70000)
   the space 10944K,  13% used [0x294c0000, 0x296267e8, 0x29626800, 0x29f70000)
 compacting perm gen  total 12288K, used 784K [0x33f70000, 0x34b70000, 0x37f70000)
   the space 12288K,   6% used [0x33f70000, 0x34034268, 0x34034400, 0x34b70000)
    ro space 10240K,  44% used [0x37f70000, 0x383e7808, 0x383e7a00, 0x38970000)
    rw space 12288K,  52% used [0x38970000, 0x38fbe610, 0x38fbe800, 0x39570000)
Event: 238.734 GC heap after
Heap after GC invocations=1806 (full 0):
 def new generation   total 4928K, used 2K [0x23f70000, 0x244c0000, 0x294c0000)
  eden space 4416K,   0% used [0x23f70000, 0x23f70000, 0x243c0000)
  from space 512K,   0% used [0x243c0000, 0x243c0b50, 0x24440000)
  to   space 512K,   0% used [0x24440000, 0x24440000, 0x244c0000)
 tenured generation   total 10944K, used 1433K [0x294c0000, 0x29f70000, 0x33f70000)
   the space 10944K,  13% used [0x294c0000, 0x296267e8, 0x29626800, 0x29f70000)
 compacting perm gen  total 12288K, used 784K [0x33f70000, 0x34b70000, 0x37f70000)
   the space 12288K,   6% used [0x33f70000, 0x34034268, 0x34034400, 0x34b70000)
    ro space 10240K,  44% used [0x37f70000, 0x383e7808, 0x383e7a00, 0x38970000)
    rw space 12288K,  52% used [0x38970000, 0x38fbe610, 0x38fbe800, 0x39570000)
}
Event: 238.781 GC heap before
{Heap before GC invocations=1806 (full 0):
 def new generation   total 4928K, used 4418K [0x23f70000, 0x244c0000, 0x294c0000)
  eden space 4416K, 100% used [0x23f70000, 0x243c0000, 0x243c0000)
  from space 512K,   0% used [0x243c0000, 0x243c0b50, 0x24440000)
  to   space 512K,   0% used [0x24440000, 0x24440000, 0x244c0000)
 tenured generation   total 10944K, used 1433K [0x294c0000, 0x29f70000, 0x33f70000)
   the space 10944K,  13% used [0x294c0000, 0x296267e8, 0x29626800, 0x29f70000)
 compacting perm gen  total 12288K, used 784K [0x33f70000, 0x34b70000, 0x37f70000)
   the space 12288K,   6% used [0x33f70000, 0x34034268, 0x34034400, 0x34b70000)
    ro space 10240K,  44% used [0x37f70000, 0x383e7808, 0x383e7a00, 0x38970000)
    rw space 12288K,  52% used [0x38970000, 0x38fbe610, 0x38fbe800, 0x39570000)
Event: 238.781 GC heap after
Heap after GC invocations=1807 (full 0):
 def new generation   total 4928K, used 2K [0x23f70000, 0x244c0000, 0x294c0000)
  eden space 4416K,   0% used [0x23f70000, 0x23f70000, 0x243c0000)
  from space 512K,   0% used [0x24440000, 0x24440be0, 0x244c0000)
  to   space 512K,   0% used [0x243c0000, 0x243c0000, 0x24440000)
 tenured generation   total 10944K, used 1433K [0x294c0000, 0x29f70000, 0x33f70000)
   the space 10944K,  13% used [0x294c0000, 0x296267e8, 0x29626800, 0x29f70000)
 compacting perm gen  total 12288K, used 784K [0x33f70000, 0x34b70000, 0x37f70000)
   the space 12288K,   6% used [0x33f70000, 0x34034268, 0x34034400, 0x34b70000)
    ro space 10240K,  44% used [0x37f70000, 0x383e7808, 0x383e7a00, 0x38970000)
    rw space 12288K,  52% used [0x38970000, 0x38fbe610, 0x38fbe800, 0x39570000)
}

