# JRE version: Java(TM) SE Runtime Environment (7.0_45-b18) (build 1.7.0_45-b18)
# Java VM: Java HotSpot(TM) Client VM (24.45-b08 mixed mode, sharing windows-x86 )
Heap
 def new generation   total 4928K, used 1930K [0x23f70000, 0x244c0000, 0x294c0000)
  eden space 4416K,  43% used [0x23f70000, 0x24151d10, 0x243c0000)
  from space 512K,   0% used [0x243c0000, 0x243c0e10, 0x24440000)
  to   space 512K,   0% used [0x24440000, 0x24440000, 0x244c0000)
 tenured generation   total 10944K, used 1151K [0x294c0000, 0x29f70000, 0x33f70000)
   the space 10944K,  10% used [0x294c0000, 0x295dfdb8, 0x295dfe00, 0x29f70000)
 compacting perm gen  total 12288K, used 802K [0x33f70000, 0x34b70000, 0x37f70000)
   the space 12288K,   6% used [0x33f70000, 0x34038908, 0x34038a00, 0x34b70000)
    ro space 10240K,  44% used [0x37f70000, 0x383e7808, 0x383e7a00, 0x38970000)
    rw space 12288K,  52% used [0x38970000, 0x38fbe610, 0x38fbe800, 0x39570000)
GC Heap History (10 events):
Event: 333.638 GC heap before
{Heap before GC invocations=2421 (full 0):
 def new generation   total 4928K, used 4419K [0x23f70000, 0x244c0000, 0x294c0000)
  eden space 4416K, 100% used [0x23f70000, 0x243c0000, 0x243c0000)
  from space 512K,   0% used [0x24440000, 0x24440e58, 0x244c0000)
  to   space 512K,   0% used [0x243c0000, 0x243c0000, 0x24440000)
 tenured generation   total 10944K, used 1151K [0x294c0000, 0x29f70000, 0x33f70000)
   the space 10944K,  10% used [0x294c0000, 0x295dfc40, 0x295dfe00, 0x29f70000)
 compacting perm gen  total 12288K, used 802K [0x33f70000, 0x34b70000, 0x37f70000)
   the space 12288K,   6% used [0x33f70000, 0x34038908, 0x34038a00, 0x34b70000)
    ro space 10240K,  44% used [0x37f70000, 0x383e7808, 0x383e7a00, 0x38970000)
    rw space 12288K,  52% used [0x38970000, 0x38fbe610, 0x38fbe800, 0x39570000)
Event: 333.638 GC heap after
Heap after GC invocations=2422 (full 0):
 def new generation   total 4928K, used 3K [0x23f70000, 0x244c0000, 0x294c0000)
  eden space 4416K,   0% used [0x23f70000, 0x23f70000, 0x243c0000)
  from space 512K,   0% used [0x243c0000, 0x243c0d50, 0x24440000)
  to   space 512K,   0% used [0x24440000, 0x24440000, 0x244c0000)
 tenured generation   total 10944K, used 1151K [0x294c0000, 0x29f70000, 0x33f70000)
   the space 10944K,  10% used [0x294c0000, 0x295dfc40, 0x295dfe00, 0x29f70000)
 compacting perm gen  total 12288K, used 802K [0x33f70000, 0x34b70000, 0x37f70000)
   the space 12288K,   6% used [0x33f70000, 0x34038908, 0x34038a00, 0x34b70000)
    ro space 10240K,  44% used [0x37f70000, 0x383e7808, 0x383e7a00, 0x38970000)
    rw space 12288K,  52% used [0x38970000, 0x38fbe610, 0x38fbe800, 0x39570000)
}
Event: 333.697 GC heap before
{Heap before GC invocations=2422 (full 0):
 def new generation   total 4928K, used 4419K [0x23f70000, 0x244c0000, 0x294c0000)
  eden space 4416K, 100% used [0x23f70000, 0x243c0000, 0x243c0000)
  from space 512K,   0% used [0x243c0000, 0x243c0d50, 0x24440000)
  to   space 512K,   0% used [0x24440000, 0x24440000, 0x244c0000)
 tenured generation   total 10944K, used 1151K [0x294c0000, 0x29f70000, 0x33f70000)
   the space 10944K,  10% used [0x294c0000, 0x295dfc40, 0x295dfe00, 0x29f70000)
 compacting perm gen  total 12288K, used 802K [0x33f70000, 0x34b70000, 0x37f70000)
   the space 12288K,   6% used [0x33f70000, 0x34038908, 0x34038a00, 0x34b70000)
    ro space 10240K,  44% used [0x37f70000, 0x383e7808, 0x383e7a00, 0x38970000)
    rw space 12288K,  52% used [0x38970000, 0x38fbe610, 0x38fbe800, 0x39570000)
Event: 333.698 GC heap after
Heap after GC invocations=2423 (full 0):
 def new generation   total 4928K, used 3K [0x23f70000, 0x244c0000, 0x294c0000)
  eden space 4416K,   0% used [0x23f70000, 0x23f70000, 0x243c0000)
  from space 512K,   0% used [0x24440000, 0x24440e10, 0x244c0000)
  to   space 512K,   0% used [0x243c0000, 0x243c0000, 0x24440000)
 tenured generation   total 10944K, used 1151K [0x294c0000, 0x29f70000, 0x33f70000)
   the space 10944K,  10% used [0x294c0000, 0x295dfc40, 0x295dfe00, 0x29f70000)
 compacting perm gen  total 12288K, used 802K [0x33f70000, 0x34b70000, 0x37f70000)
   the space 12288K,   6% used [0x33f70000, 0x34038908, 0x34038a00, 0x34b70000)
    ro space 10240K,  44% used [0x37f70000, 0x383e7808, 0x383e7a00, 0x38970000)
    rw space 12288K,  52% used [0x38970000, 0x38fbe610, 0x38fbe800, 0x39570000)
}
Event: 333.753 GC heap before
{Heap before GC invocations=2423 (full 0):
 def new generation   total 4928K, used 4419K [0x23f70000, 0x244c0000, 0x294c0000)
  eden space 4416K, 100% used [0x23f70000, 0x243c0000, 0x243c0000)
  from space 512K,   0% used [0x24440000, 0x24440e10, 0x244c0000)
  to   space 512K,   0% used [0x243c0000, 0x243c0000, 0x24440000)
 tenured generation   total 10944K, used 1151K [0x294c0000, 0x29f70000, 0x33f70000)
   the space 10944K,  10% used [0x294c0000, 0x295dfc40, 0x295dfe00, 0x29f70000)
 compacting perm gen  total 12288K, used 802K [0x33f70000, 0x34b70000, 0x37f70000)
   the space 12288K,   6% used [0x33f70000, 0x34038908, 0x34038a00, 0x34b70000)
    ro space 10240K,  44% used [0x37f70000, 0x383e7808, 0x383e7a00, 0x38970000)
    rw space 12288K,  52% used [0x38970000, 0x38fbe610, 0x38fbe800, 0x39570000)
Event: 333.753 GC heap after
Heap after GC invocations=2424 (full 0):
 def new generation   total 4928K, used 2K [0x23f70000, 0x244c0000, 0x294c0000)
  eden space 4416K,   0% used [0x23f70000, 0x23f70000, 0x243c0000)
  from space 512K,   0% used [0x243c0000, 0x243c0bb0, 0x24440000)
  to   space 512K,   0% used [0x24440000, 0x24440000, 0x244c0000)
 tenured generation   total 10944K, used 1151K [0x294c0000, 0x29f70000, 0x33f70000)
   the space 10944K,  10% used [0x294c0000, 0x295dfdb8, 0x295dfe00, 0x29f70000)
 compacting perm gen  total 12288K, used 802K [0x33f70000, 0x34b70000, 0x37f70000)
   the space 12288K,   6% used [0x33f70000, 0x34038908, 0x34038a00, 0x34b70000)
    ro space 10240K,  44% used [0x37f70000, 0x383e7808, 0x383e7a00, 0x38970000)
    rw space 12288K,  52% used [0x38970000, 0x38fbe610, 0x38fbe800, 0x39570000)
}
Event: 333.809 GC heap before
{Heap before GC invocations=2424 (full 0):
 def new generation   total 4928K, used 4418K [0x23f70000, 0x244c0000, 0x294c0000)
  eden space 4416K, 100% used [0x23f70000, 0x243c0000, 0x243c0000)
  from space 512K,   0% used [0x243c0000, 0x243c0bb0, 0x24440000)
  to   space 512K,   0% used [0x24440000, 0x24440000, 0x244c0000)
 tenured generation   total 10944K, used 1151K [0x294c0000, 0x29f70000, 0x33f70000)
   the space 10944K,  10% used [0x294c0000, 0x295dfdb8, 0x295dfe00, 0x29f70000)
 compacting perm gen  total 12288K, used 802K [0x33f70000, 0x34b70000, 0x37f70000)
   the space 12288K,   6% used [0x33f70000, 0x34038908, 0x34038a00, 0x34b70000)
    ro space 10240K,  44% used [0x37f70000, 0x383e7808, 0x383e7a00, 0x38970000)
    rw space 12288K,  52% used [0x38970000, 0x38fbe610, 0x38fbe800, 0x39570000)
Event: 333.810 GC heap after
Heap after GC invocations=2425 (full 0):
 def new generation   total 4928K, used 3K [0x23f70000, 0x244c0000, 0x294c0000)
  eden space 4416K,   0% used [0x23f70000, 0x23f70000, 0x243c0000)
  from space 512K,   0% used [0x24440000, 0x24440d28, 0x244c0000)
  to   space 512K,   0% used [0x243c0000, 0x243c0000, 0x24440000)
 tenured generation   total 10944K, used 1151K [0x294c0000, 0x29f70000, 0x33f70000)
   the space 10944K,  10% used [0x294c0000, 0x295dfdb8, 0x295dfe00, 0x29f70000)
 compacting perm gen  total 12288K, used 802K [0x33f70000, 0x34b70000, 0x37f70000)
   the space 12288K,   6% used [0x33f70000, 0x34038908, 0x34038a00, 0x34b70000)
    ro space 10240K,  44% used [0x37f70000, 0x383e7808, 0x383e7a00, 0x38970000)
    rw space 12288K,  52% used [0x38970000, 0x38fbe610, 0x38fbe800, 0x39570000)
}
Event: 333.869 GC heap before
{Heap before GC invocations=2425 (full 0):
 def new generation   total 4928K, used 4419K [0x23f70000, 0x244c0000, 0x294c0000)
  eden space 4416K, 100% used [0x23f70000, 0x243c0000, 0x243c0000)
  from space 512K,   0% used [0x24440000, 0x24440d28, 0x244c0000)
  to   space 512K,   0% used [0x243c0000, 0x243c0000, 0x24440000)
 tenured generation   total 10944K, used 1151K [0x294c0000, 0x29f70000, 0x33f70000)
   the space 10944K,  10% used [0x294c0000, 0x295dfdb8, 0x295dfe00, 0x29f70000)
 compacting perm gen  total 12288K, used 802K [0x33f70000, 0x34b70000, 0x37f70000)
   the space 12288K,   6% used [0x33f70000, 0x34038908, 0x34038a00, 0x34b70000)
    ro space 10240K,  44% used [0x37f70000, 0x383e7808, 0x383e7a00, 0x38970000)
    rw space 12288K,  52% used [0x38970000, 0x38fbe610, 0x38fbe800, 0x39570000)
Event: 333.869 GC heap after
Heap after GC invocations=2426 (full 0):
 def new generation   total 4928K, used 3K [0x23f70000, 0x244c0000, 0x294c0000)
  eden space 4416K,   0% used [0x23f70000, 0x23f70000, 0x243c0000)
  from space 512K,   0% used [0x243c0000, 0x243c0e10, 0x24440000)
  to   space 512K,   0% used [0x24440000, 0x24440000, 0x244c0000)
 tenured generation   total 10944K, used 1151K [0x294c0000, 0x29f70000, 0x33f70000)
   the space 10944K,  10% used [0x294c0000, 0x295dfdb8, 0x295dfe00, 0x29f70000)
 compacting perm gen  total 12288K, used 802K [0x33f70000, 0x34b70000, 0x37f70000)
   the space 12288K,   6% used [0x33f70000, 0x34038908, 0x34038a00, 0x34b70000)
    ro space 10240K,  44% used [0x37f70000, 0x383e7808, 0x383e7a00, 0x38970000)
    rw space 12288K,  52% used [0x38970000, 0x38fbe610, 0x38fbe800, 0x39570000)
}

